2025/03/02 06:26:00 PM INFO:Logging is set up correctly! Current log level: INFO
2025/03/02 06:26:01 PM INFO:get_git_version executed successfully
2025/03/02 06:26:02 PM INFO:get_git_version executed successfully
2025/03/02 06:26:02 PM INFO:Current Working Directory: H:\VScode\dashboard_demo-1
2025/03/02 06:26:02 PM INFO:Running App setup...
2025/03/02 06:26:02 PM INFO:Setting up the package
2025/03/02 06:26:02 PM INFO:Module directory: H:\VScode\dashboard_demo-1
2025/03/02 06:26:02 PM INFO:get_git_version executed successfully
2025/03/02 06:26:02 PM INFO:Version: v20.121
2025/03/02 06:26:02 PM INFO:Session_state variables initialized
2025/03/02 06:26:02 PM INFO:Session state Setup complete
2025/03/02 06:26:02 PM INFO:initialize_session_state executed successfully
2025/03/02 06:26:02 PM INFO:Package setup complete
2025/03/02 06:26:02 PM INFO:setup_package executed successfully
2025/03/02 06:26:02 PM INFO:Running Menu setup...
2025/03/02 06:26:02 PM INFO:get_git_version executed successfully
2025/03/02 06:26:02 PM INFO:get_git_version executed successfully
2025/03/02 06:26:02 PM INFO:get_git_version executed successfully
2025/03/02 06:26:02 PM INFO:App Version: v20.136
2025/03/02 06:26:02 PM INFO:Switched to page: Introduction
2025/03/02 06:26:02 PM INFO:pagesetup executed successfully
2025/03/02 06:26:02 PM INFO:No data found in session state, running firstload()
2025/03/02 06:26:02 PM INFO:Running first load function.
2025/03/02 06:26:02 PM INFO:Original file path: H:\VScode\dashboard_demo-1\source\Donations_accepted_by_political_parties.csv
2025/03/02 06:26:02 PM INFO:Saved file path: H:\VScode\dashboard_demo-1\output\imported_raw.csv
2025/03/02 06:26:02 PM INFO:Checking if H:\VScode\dashboard_demo-1\source\Donations_accepted_by_political_parties.csv has been updated.
2025/03/02 06:26:02 PM INFO:Getting modification time for H:\VScode\dashboard_demo-1\source\Donations_accepted_by_political_parties.csv
2025/03/02 06:26:02 PM INFO:get_file_modification_time executed successfully
2025/03/02 06:26:02 PM INFO:Current modification time: 1740757862.6744745
2025/03/02 06:26:02 PM INFO:Last modification time: None
2025/03/02 06:26:02 PM INFO:is_file_updated executed successfully
2025/03/02 06:26:02 PM INFO:try_to_use_preprocessed_data executed successfully
2025/03/02 06:26:02 PM INFO:Loading raw data...
2025/03/02 06:26:03 PM INFO:Data loaded successfully. Data has 65278 rows and 29 columns
2025/03/02 06:26:04 PM INFO:Data saved to H:\VScode\dashboard_demo-1\output\imported_raw.csv
2025/03/02 06:26:04 PM INFO:Cleaning up raw data
2025/03/02 06:26:04 PM ERROR:Session state variables not initialized!
2025/03/02 06:26:04 PM INFO:Original file path: None
2025/03/02 06:26:04 PM INFO:Saved file path: H:\VScode\dashboard_demo-1\output\cleaned_donations.csv
2025/03/02 06:26:04 PM ERROR:Error: originalfilepath is None!
2025/03/02 06:26:04 PM INFO:try_to_use_preprocessed_data executed successfully
2025/03/02 06:26:04 PM INFO:Data loaded, shape: (65278, 29)
2025/03/02 06:26:05 PM INFO:Checking if H:\VScode\dashboard_demo-1\reference_files\PoliticalEntityDeDuped.csv has been updated.
2025/03/02 06:26:05 PM INFO:Getting modification time for H:\VScode\dashboard_demo-1\reference_files\PoliticalEntityDeDuped.csv
2025/03/02 06:26:05 PM INFO:get_file_modification_time executed successfully
2025/03/02 06:26:05 PM INFO:Current modification time: 1740841102.2638545
2025/03/02 06:26:05 PM INFO:Last modification time: None
2025/03/02 06:26:05 PM INFO:is_file_updated executed successfully
2025/03/02 06:26:05 PM INFO:Map file regentity_map_fname has been updated. Proceeding with deduplication.
2025/03/02 06:26:05 PM INFO:File deduplication complete, shape: (65278, 34)
2025/03/02 06:26:05 PM INFO:dedupe_entity_file executed successfully
2025/03/02 06:26:05 PM INFO:Checking if H:\VScode\dashboard_demo-1\reference_files\PoliticalDonorsDeDuped.csv has been updated.
2025/03/02 06:26:05 PM INFO:Getting modification time for H:\VScode\dashboard_demo-1\reference_files\PoliticalDonorsDeDuped.csv
2025/03/02 06:26:05 PM INFO:get_file_modification_time executed successfully
2025/03/02 06:26:05 PM INFO:Current modification time: 1740757863.2545311
2025/03/02 06:26:05 PM INFO:Last modification time: None
2025/03/02 06:26:05 PM INFO:is_file_updated executed successfully
2025/03/02 06:26:05 PM INFO:Map file donor_map_fname has been updated. Proceeding with deduplication.
2025/03/02 06:26:05 PM INFO:File deduplication complete, shape: (65278, 40)
2025/03/02 06:26:05 PM INFO:dedupe_entity_file executed successfully
2025/03/02 06:26:05 PM INFO:Raw Data cleanup completed
2025/03/02 06:26:05 PM INFO:Data shape: (65278, 40)
2025/03/02 06:26:08 PM INFO:Data saved to H:\VScode\dashboard_demo-1\output\cleaned_donations.csv
2025/03/02 06:26:08 PM INFO:Data cleanup completed, shape: (65278, 40)
2025/03/02 06:26:08 PM INFO:raw_data_cleanup executed successfully
2025/03/02 06:26:09 PM INFO:load_raw_data executed successfully
2025/03/02 06:26:09 PM INFO:get_raw_data executed successfully
2025/03/02 06:26:09 PM INFO:load_data_to_session executed successfully
2025/03/02 06:26:09 PM INFO:Original file path: H:\VScode\dashboard_demo-1\output\cleaned_donations.csv
2025/03/02 06:26:09 PM INFO:Saved file path: H:\VScode\dashboard_demo-1\output\cleaned_data.csv
2025/03/02 06:26:09 PM INFO:Checking if H:\VScode\dashboard_demo-1\output\cleaned_donations.csv has been updated.
2025/03/02 06:26:09 PM INFO:Getting modification time for H:\VScode\dashboard_demo-1\output\cleaned_donations.csv
2025/03/02 06:26:09 PM INFO:get_file_modification_time executed successfully
2025/03/02 06:26:09 PM INFO:Current modification time: 1740939968.9840384
2025/03/02 06:26:09 PM INFO:Last modification time: 1740757862.6744745
2025/03/02 06:26:09 PM INFO:is_file_updated executed successfully
2025/03/02 06:26:09 PM INFO:try_to_use_preprocessed_data executed successfully
2025/03/02 06:26:12 PM INFO:Data Updated with PartyName and PartyId successfully
2025/03/02 06:26:12 PM INFO:map_mp_to_party executed successfully
2025/03/02 06:26:13 PM INFO:Election Dates not found in session, loading now.
2025/03/02 06:26:13 PM INFO:Election Dates Loaded Successfully.
2025/03/02 06:26:13 PM INFO:load_election_dates executed successfully
2025/03/02 06:26:41 PM INFO:Cleaned Data completed, shape: (78745, 58)
2025/03/02 06:26:41 PM INFO:load_cleaned_data executed successfully
2025/03/02 06:26:41 PM INFO:get_cleaned_data executed successfully
2025/03/02 06:26:41 PM INFO:load_data_to_session executed successfully
2025/03/02 06:26:41 PM INFO:Original file path: H:\VScode\dashboard_demo-1\output\cleaned_data.csv
2025/03/02 06:26:41 PM INFO:Saved file path: H:\VScode\dashboard_demo-1\output\party_summary.csv
2025/03/02 06:26:41 PM INFO:Checking if H:\VScode\dashboard_demo-1\output\cleaned_data.csv has been updated.
2025/03/02 06:26:41 PM INFO:Getting modification time for H:\VScode\dashboard_demo-1\output\cleaned_data.csv
2025/03/02 06:26:41 PM INFO:get_file_modification_time executed successfully
2025/03/02 06:26:41 PM INFO:Current modification time: 1740940001.6706896
2025/03/02 06:26:41 PM INFO:Last modification time: None
2025/03/02 06:26:41 PM INFO:is_file_updated executed successfully
2025/03/02 06:26:41 PM INFO:try_to_use_preprocessed_data executed successfully
2025/03/02 06:26:42 PM INFO:Regulated entity summary saved to H:\VScode\dashboard_demo-1\output\party_summary.csv
2025/03/02 06:26:42 PM INFO:Raw Data cleanup completed
2025/03/02 06:26:42 PM INFO:Data shape: (1361, 5)
2025/03/02 06:26:42 PM INFO:load_entity_summary_data executed successfully
2025/03/02 06:26:42 PM INFO:get_party_summary_data executed successfully
2025/03/02 06:26:42 PM INFO:load_data_to_session executed successfully
2025/03/02 06:26:42 PM INFO:Original file path: H:\VScode\dashboard_demo-1\output\cleaned_data.csv
2025/03/02 06:26:42 PM INFO:Saved file path: H:\VScode\dashboard_demo-1\output\cleaned_donorlist.csv
2025/03/02 06:26:42 PM INFO:Checking if H:\VScode\dashboard_demo-1\output\cleaned_data.csv has been updated.
2025/03/02 06:26:42 PM INFO:Getting modification time for H:\VScode\dashboard_demo-1\output\cleaned_data.csv
2025/03/02 06:26:42 PM INFO:get_file_modification_time executed successfully
2025/03/02 06:26:42 PM INFO:Current modification time: 1740940001.6706896
2025/03/02 06:26:42 PM INFO:Last modification time: None
2025/03/02 06:26:42 PM INFO:is_file_updated executed successfully
2025/03/02 06:26:42 PM INFO:try_to_use_preprocessed_data executed successfully
2025/03/02 06:26:42 PM INFO:Donor data saved to H:\VScode\dashboard_demo-1\output\cleaned_donorlist.csv
2025/03/02 06:26:42 PM INFO:Donor Data summary completed
2025/03/02 06:26:42 PM INFO:Data shape: (30219, 5)
2025/03/02 06:26:42 PM INFO:load_donorList_data executed successfully
2025/03/02 06:26:42 PM INFO:get_donor_data executed successfully
2025/03/02 06:26:42 PM INFO:load_data_to_session executed successfully
2025/03/02 06:26:42 PM INFO:Original file path: H:\VScode\dashboard_demo-1\output\cleaned_data.csv
2025/03/02 06:26:42 PM INFO:Saved file path: H:\VScode\dashboard_demo-1\output\cleaned_regentity.csv
2025/03/02 06:26:42 PM INFO:Checking if H:\VScode\dashboard_demo-1\output\cleaned_data.csv has been updated.
2025/03/02 06:26:42 PM INFO:Getting modification time for H:\VScode\dashboard_demo-1\output\cleaned_data.csv
2025/03/02 06:26:42 PM INFO:get_file_modification_time executed successfully
2025/03/02 06:26:42 PM INFO:Current modification time: 1740940001.6706896
2025/03/02 06:26:42 PM INFO:Last modification time: 1740940001.6706896
2025/03/02 06:26:42 PM INFO:is_file_updated executed successfully
2025/03/02 06:26:42 PM INFO:try_to_use_preprocessed_data executed successfully
2025/03/02 06:26:42 PM INFO:Regulated entity data saved to H:\VScode\dashboard_demo-1\output\cleaned_regentity.csv
2025/03/02 06:26:42 PM INFO:Raw Data cleanup completed
2025/03/02 06:26:42 PM INFO:Data shape: (1364, 6)
2025/03/02 06:26:42 PM INFO:load_regulated_entity_data executed successfully
2025/03/02 06:26:42 PM INFO:get_regentity_data executed successfully
2025/03/02 06:26:42 PM INFO:load_data_to_session executed successfully
2025/03/02 06:26:42 PM INFO:firstload executed successfully
2025/03/02 06:26:42 PM INFO:initialise_data executed successfully
2025/03/02 06:46:21 PM INFO:Current Working Directory: H:\VScode\dashboard_demo-1
2025/03/02 06:46:21 PM INFO:Running App setup...
2025/03/02 06:46:21 PM INFO:Setting up the package
2025/03/02 06:46:21 PM INFO:Module directory: H:\VScode\dashboard_demo-1
2025/03/02 06:46:21 PM INFO:get_git_version executed successfully
2025/03/02 06:46:21 PM INFO:Version: v20.121
2025/03/02 06:46:21 PM INFO:Session_state variables initialized
2025/03/02 06:46:21 PM INFO:Session state Setup complete
2025/03/02 06:46:21 PM INFO:initialize_session_state executed successfully
2025/03/02 06:46:21 PM INFO:Package setup complete
2025/03/02 06:46:21 PM INFO:setup_package executed successfully
2025/03/02 06:46:21 PM INFO:Running Menu setup...
2025/03/02 06:46:21 PM INFO:get_git_version executed successfully
2025/03/02 06:46:21 PM INFO:App Version: v20.136
2025/03/02 06:46:21 PM INFO:Switched to page: Head Line Figures
2025/03/02 06:46:22 PM INFO:plot_bar_line_by_year executed successfully
2025/03/02 06:46:23 PM INFO:plot_bar_line_by_year executed successfully
2025/03/02 06:46:23 PM INFO:plot_bar_line_by_year executed successfully
2025/03/02 06:46:23 PM INFO:plot_bar_line_by_year executed successfully
2025/03/02 06:46:24 PM INFO:plot_pie_chart executed successfully
2025/03/02 06:46:37 PM INFO:plot_pie_chart executed successfully
2025/03/02 06:46:37 PM INFO:pagesetup executed successfully
2025/03/02 06:46:37 PM INFO:Data already loaded in session state.
2025/03/02 06:48:46 PM INFO:Current Working Directory: H:\VScode\dashboard_demo-1
2025/03/02 06:48:46 PM INFO:Running App setup...
2025/03/02 06:48:46 PM INFO:Setting up the package
2025/03/02 06:48:46 PM INFO:Module directory: H:\VScode\dashboard_demo-1
2025/03/02 06:48:46 PM INFO:get_git_version executed successfully
2025/03/02 06:48:46 PM INFO:Version: v20.121
2025/03/02 06:48:46 PM INFO:Session_state variables initialized
2025/03/02 06:48:46 PM INFO:Session state Setup complete
2025/03/02 06:48:46 PM INFO:initialize_session_state executed successfully
2025/03/02 06:48:46 PM INFO:Package setup complete
2025/03/02 06:48:46 PM INFO:setup_package executed successfully
2025/03/02 06:48:46 PM INFO:Running Menu setup...
2025/03/02 06:48:46 PM INFO:get_git_version executed successfully
2025/03/02 06:48:46 PM INFO:App Version: v20.136
2025/03/02 06:48:46 PM INFO:Switched to page: Introduction
2025/03/02 06:48:46 PM INFO:pagesetup executed successfully
2025/03/02 06:48:46 PM INFO:Data already loaded in session state.
2025/03/02 07:28:22 PM INFO:Logging is set up correctly! Current log level: INFO
2025/03/02 07:28:23 PM INFO:get_git_version executed successfully
2025/03/02 07:28:24 PM INFO:get_git_version executed successfully
2025/03/02 07:28:24 PM INFO:Current Working Directory: H:\VScode\dashboard_demo-1
2025/03/02 07:28:24 PM INFO:Running App setup...
2025/03/02 07:28:24 PM INFO:Setting up the package
2025/03/02 07:28:24 PM INFO:Module directory: H:\VScode\dashboard_demo-1
2025/03/02 07:28:24 PM INFO:get_git_version executed successfully
2025/03/02 07:28:24 PM INFO:Version: v20.121
2025/03/02 07:28:24 PM INFO:Session_state variables initialized
2025/03/02 07:28:24 PM INFO:Session state Setup complete
2025/03/02 07:28:24 PM INFO:initialize_session_state executed successfully
2025/03/02 07:28:24 PM INFO:Package setup complete
2025/03/02 07:28:24 PM INFO:setup_package executed successfully
2025/03/02 07:28:24 PM INFO:Running Menu setup...
2025/03/02 07:28:24 PM INFO:get_git_version executed successfully
2025/03/02 07:28:24 PM INFO:get_git_version executed successfully
2025/03/02 07:28:24 PM INFO:get_git_version executed successfully
2025/03/02 07:28:24 PM INFO:App Version: v20.136
2025/03/02 07:28:24 PM INFO:Switched to page: Introduction
2025/03/02 07:28:24 PM INFO:pagesetup executed successfully
2025/03/02 07:28:24 PM INFO:No data found in session state, running firstload()
2025/03/02 07:28:25 PM INFO:Running first load function.
2025/03/02 07:28:25 PM INFO:Original file path: H:\VScode\dashboard_demo-1\source\Donations_accepted_by_political_parties.csv
2025/03/02 07:28:25 PM INFO:Saved file path: H:\VScode\dashboard_demo-1\output\imported_raw.csv
2025/03/02 07:28:25 PM INFO:Checking if H:\VScode\dashboard_demo-1\source\Donations_accepted_by_political_parties.csv has been updated.
2025/03/02 07:28:25 PM INFO:Getting modification time for H:\VScode\dashboard_demo-1\source\Donations_accepted_by_political_parties.csv
2025/03/02 07:28:25 PM INFO:get_file_modification_time executed successfully
2025/03/02 07:28:25 PM INFO:Current modification time: 1740757862.6744745
2025/03/02 07:28:25 PM INFO:Last modification time: None
2025/03/02 07:28:25 PM INFO:is_file_updated executed successfully
2025/03/02 07:28:25 PM INFO:try_to_use_preprocessed_data executed successfully
2025/03/02 07:28:25 PM INFO:Loading raw data...
2025/03/02 07:28:25 PM INFO:Data loaded successfully. Data has 65278 rows and 29 columns
2025/03/02 07:28:26 PM INFO:Data saved to H:\VScode\dashboard_demo-1\output\imported_raw.csv
2025/03/02 07:28:26 PM INFO:Cleaning up raw data
2025/03/02 07:28:26 PM ERROR:Session state variables not initialized!
2025/03/02 07:28:26 PM INFO:Original file path: None
2025/03/02 07:28:26 PM INFO:Saved file path: H:\VScode\dashboard_demo-1\output\cleaned_donations.csv
2025/03/02 07:28:26 PM ERROR:Error: originalfilepath is None!
2025/03/02 07:28:26 PM INFO:try_to_use_preprocessed_data executed successfully
2025/03/02 07:28:26 PM INFO:Data loaded, shape: (65278, 29)
2025/03/02 07:28:28 PM INFO:Checking if H:\VScode\dashboard_demo-1\reference_files\PoliticalEntityDeDuped.csv has been updated.
2025/03/02 07:28:28 PM INFO:Getting modification time for H:\VScode\dashboard_demo-1\reference_files\PoliticalEntityDeDuped.csv
2025/03/02 07:28:28 PM INFO:get_file_modification_time executed successfully
2025/03/02 07:28:28 PM INFO:Current modification time: 1740841102.2638545
2025/03/02 07:28:28 PM INFO:Last modification time: None
2025/03/02 07:28:28 PM INFO:is_file_updated executed successfully
2025/03/02 07:28:28 PM INFO:Map file regentity_map_fname has been updated. Proceeding with deduplication.
2025/03/02 07:28:28 PM INFO:File deduplication complete, shape: (65278, 34)
2025/03/02 07:28:28 PM INFO:dedupe_entity_file executed successfully
2025/03/02 07:28:28 PM INFO:Checking if H:\VScode\dashboard_demo-1\reference_files\PoliticalDonorsDeDuped.csv has been updated.
2025/03/02 07:28:28 PM INFO:Getting modification time for H:\VScode\dashboard_demo-1\reference_files\PoliticalDonorsDeDuped.csv
2025/03/02 07:28:28 PM INFO:get_file_modification_time executed successfully
2025/03/02 07:28:28 PM INFO:Current modification time: 1740757863.2545311
2025/03/02 07:28:28 PM INFO:Last modification time: None
2025/03/02 07:28:28 PM INFO:is_file_updated executed successfully
2025/03/02 07:28:28 PM INFO:Map file donor_map_fname has been updated. Proceeding with deduplication.
2025/03/02 07:28:28 PM INFO:File deduplication complete, shape: (65278, 40)
2025/03/02 07:28:28 PM INFO:dedupe_entity_file executed successfully
2025/03/02 07:28:28 PM INFO:Raw Data cleanup completed
2025/03/02 07:28:28 PM INFO:Data shape: (65278, 40)
2025/03/02 07:28:31 PM INFO:Data saved to H:\VScode\dashboard_demo-1\output\cleaned_donations.csv
2025/03/02 07:28:31 PM INFO:Data cleanup completed, shape: (65278, 40)
2025/03/02 07:28:31 PM INFO:raw_data_cleanup executed successfully
2025/03/02 07:28:31 PM INFO:load_raw_data executed successfully
2025/03/02 07:28:31 PM INFO:get_raw_data executed successfully
2025/03/02 07:28:31 PM INFO:load_data_to_session executed successfully
2025/03/02 07:28:31 PM INFO:Original file path: H:\VScode\dashboard_demo-1\output\cleaned_donations.csv
2025/03/02 07:28:31 PM INFO:Saved file path: H:\VScode\dashboard_demo-1\output\cleaned_data.csv
2025/03/02 07:28:31 PM INFO:Checking if H:\VScode\dashboard_demo-1\output\cleaned_donations.csv has been updated.
2025/03/02 07:28:31 PM INFO:Getting modification time for H:\VScode\dashboard_demo-1\output\cleaned_donations.csv
2025/03/02 07:28:31 PM INFO:get_file_modification_time executed successfully
2025/03/02 07:28:31 PM INFO:Current modification time: 1740943711.2815473
2025/03/02 07:28:31 PM INFO:Last modification time: 1740757862.6744745
2025/03/02 07:28:31 PM INFO:is_file_updated executed successfully
2025/03/02 07:28:31 PM INFO:try_to_use_preprocessed_data executed successfully
2025/03/02 07:28:34 PM INFO:Data Updated with PartyName and PartyId successfully
2025/03/02 07:28:34 PM INFO:map_mp_to_party executed successfully
2025/03/02 07:28:34 PM INFO:Election Dates not found in session, loading now.
2025/03/02 07:28:34 PM INFO:Election Dates Loaded Successfully.
2025/03/02 07:28:34 PM INFO:load_election_dates executed successfully
2025/03/02 07:29:03 PM INFO:Cleaned Data completed, shape: (78745, 58)
2025/03/02 07:29:03 PM INFO:load_cleaned_data executed successfully
2025/03/02 07:29:03 PM INFO:get_cleaned_data executed successfully
2025/03/02 07:29:03 PM INFO:load_data_to_session executed successfully
2025/03/02 07:29:03 PM INFO:Original file path: H:\VScode\dashboard_demo-1\output\cleaned_data.csv
2025/03/02 07:29:03 PM INFO:Saved file path: H:\VScode\dashboard_demo-1\output\party_summary.csv
2025/03/02 07:29:03 PM INFO:Checking if H:\VScode\dashboard_demo-1\output\cleaned_data.csv has been updated.
2025/03/02 07:29:03 PM INFO:Getting modification time for H:\VScode\dashboard_demo-1\output\cleaned_data.csv
2025/03/02 07:29:03 PM INFO:get_file_modification_time executed successfully
2025/03/02 07:29:03 PM INFO:Current modification time: 1740943743.1488655
2025/03/02 07:29:03 PM INFO:Last modification time: None
2025/03/02 07:29:03 PM INFO:is_file_updated executed successfully
2025/03/02 07:29:03 PM INFO:try_to_use_preprocessed_data executed successfully
2025/03/02 07:29:03 PM INFO:Regulated entity summary saved to H:\VScode\dashboard_demo-1\output\party_summary.csv
2025/03/02 07:29:03 PM INFO:Raw Data cleanup completed
2025/03/02 07:29:03 PM INFO:Data shape: (1361, 5)
2025/03/02 07:29:03 PM INFO:load_entity_summary_data executed successfully
2025/03/02 07:29:03 PM INFO:get_party_summary_data executed successfully
2025/03/02 07:29:03 PM INFO:load_data_to_session executed successfully
2025/03/02 07:29:03 PM INFO:Original file path: H:\VScode\dashboard_demo-1\output\cleaned_data.csv
2025/03/02 07:29:03 PM INFO:Saved file path: H:\VScode\dashboard_demo-1\output\cleaned_donorlist.csv
2025/03/02 07:29:03 PM INFO:Checking if H:\VScode\dashboard_demo-1\output\cleaned_data.csv has been updated.
2025/03/02 07:29:03 PM INFO:Getting modification time for H:\VScode\dashboard_demo-1\output\cleaned_data.csv
2025/03/02 07:29:03 PM INFO:get_file_modification_time executed successfully
2025/03/02 07:29:03 PM INFO:Current modification time: 1740943743.1488655
2025/03/02 07:29:03 PM INFO:Last modification time: None
2025/03/02 07:29:03 PM INFO:is_file_updated executed successfully
2025/03/02 07:29:03 PM INFO:try_to_use_preprocessed_data executed successfully
2025/03/02 07:29:03 PM INFO:Donor data saved to H:\VScode\dashboard_demo-1\output\cleaned_donorlist.csv
2025/03/02 07:29:03 PM INFO:Donor Data summary completed
2025/03/02 07:29:03 PM INFO:Data shape: (30219, 5)
2025/03/02 07:29:03 PM INFO:load_donorList_data executed successfully
2025/03/02 07:29:03 PM INFO:get_donor_data executed successfully
2025/03/02 07:29:03 PM INFO:load_data_to_session executed successfully
2025/03/02 07:29:03 PM INFO:Original file path: H:\VScode\dashboard_demo-1\output\cleaned_data.csv
2025/03/02 07:29:03 PM INFO:Saved file path: H:\VScode\dashboard_demo-1\output\cleaned_regentity.csv
2025/03/02 07:29:03 PM INFO:Checking if H:\VScode\dashboard_demo-1\output\cleaned_data.csv has been updated.
2025/03/02 07:29:03 PM INFO:Getting modification time for H:\VScode\dashboard_demo-1\output\cleaned_data.csv
2025/03/02 07:29:03 PM INFO:get_file_modification_time executed successfully
2025/03/02 07:29:03 PM INFO:Current modification time: 1740943743.1488655
2025/03/02 07:29:03 PM INFO:Last modification time: 1740943743.1488655
2025/03/02 07:29:03 PM INFO:is_file_updated executed successfully
2025/03/02 07:29:03 PM INFO:Loading preprocessed data. Using H:\VScode\dashboard_demo-1\output\cleaned_regentity.csv dated load_donorlist_data_last_modified instead of H:\VScode\dashboard_demo-1\output\cleaned_data.csv
2025/03/02 07:29:03 PM INFO:try_to_use_preprocessed_data executed successfully
2025/03/02 07:29:03 PM INFO:load_regulated_entity_data executed successfully
2025/03/02 07:29:03 PM INFO:get_regentity_data executed successfully
2025/03/02 07:29:03 PM INFO:load_data_to_session executed successfully
2025/03/02 07:29:03 PM INFO:firstload executed successfully
2025/03/02 07:29:03 PM INFO:initialise_data executed successfully
2025/03/02 07:30:39 PM INFO:Current Working Directory: H:\VScode\dashboard_demo-1
2025/03/02 07:30:39 PM INFO:Running App setup...
2025/03/02 07:30:39 PM INFO:Setting up the package
2025/03/02 07:30:39 PM INFO:Module directory: H:\VScode\dashboard_demo-1
2025/03/02 07:30:39 PM INFO:get_git_version executed successfully
2025/03/02 07:30:39 PM INFO:Version: v20.121
2025/03/02 07:30:39 PM INFO:Session_state variables initialized
2025/03/02 07:30:39 PM INFO:Session state Setup complete
2025/03/02 07:30:39 PM INFO:initialize_session_state executed successfully
2025/03/02 07:30:39 PM INFO:Package setup complete
2025/03/02 07:30:39 PM INFO:setup_package executed successfully
2025/03/02 07:30:39 PM INFO:Running Menu setup...
2025/03/02 07:30:39 PM INFO:get_git_version executed successfully
2025/03/02 07:30:39 PM INFO:App Version: v20.136
2025/03/02 07:30:39 PM INFO:Switched to page: Head Line Figures
2025/03/02 07:30:40 PM INFO:plot_bar_line_by_year executed successfully
2025/03/02 07:30:40 PM INFO:plot_bar_line_by_year executed successfully
2025/03/02 07:30:40 PM INFO:plot_bar_line_by_year executed successfully
2025/03/02 07:30:40 PM INFO:plot_bar_line_by_year executed successfully
2025/03/02 07:30:41 PM INFO:plot_pie_chart executed successfully
2025/03/02 07:30:52 PM INFO:plot_pie_chart executed successfully
2025/03/02 07:30:52 PM INFO:pagesetup executed successfully
2025/03/02 07:30:52 PM INFO:Data already loaded in session state.
2025/03/02 08:13:11 PM INFO:Logging is set up correctly! Current log level: INFO
2025/03/02 08:13:11 PM INFO:get_git_version executed successfully
2025/03/02 08:13:12 PM INFO:get_git_version executed successfully
2025/03/02 08:13:12 PM INFO:Current Working Directory: H:\VScode\dashboard_demo-1
2025/03/02 08:13:12 PM INFO:Running App setup...
2025/03/02 08:13:12 PM INFO:Setting up the package
2025/03/02 08:13:12 PM INFO:Module directory: H:\VScode\dashboard_demo-1
2025/03/02 08:13:12 PM INFO:get_git_version executed successfully
2025/03/02 08:13:12 PM INFO:Version: v20.121
2025/03/02 08:13:12 PM INFO:Session_state variables initialized
2025/03/02 08:13:12 PM INFO:Session state Setup complete
2025/03/02 08:13:12 PM INFO:initialize_session_state executed successfully
2025/03/02 08:13:12 PM INFO:Package setup complete
2025/03/02 08:13:12 PM INFO:setup_package executed successfully
2025/03/02 08:13:12 PM INFO:Running Menu setup...
2025/03/02 08:13:12 PM INFO:get_git_version executed successfully
2025/03/02 08:13:12 PM INFO:get_git_version executed successfully
2025/03/02 08:13:13 PM INFO:get_git_version executed successfully
2025/03/02 08:13:13 PM INFO:App Version: v20.136
2025/03/02 08:13:13 PM INFO:Switched to page: Introduction
2025/03/02 08:13:13 PM INFO:pagesetup executed successfully
2025/03/02 08:13:13 PM INFO:No data found in session state, running firstload()
2025/03/02 08:13:13 PM ERROR:Error in initialise_data: invalid syntax (politicalperson.py, line 90)
Traceback (most recent call last):
  File "H:\VScode\dashboard_demo-1\utils\logger.py", line 33, in wrapper
    result = func(*args, **kwargs)
  File "H:\VScode\dashboard_demo-1\data\data_utils.py", line 39, in initialise_data
    from data.data_loader import firstload
  File "H:\VScode\dashboard_demo-1\data\data_loader.py", line 3, in <module>
    from data.clean_and_enhance import load_cleaned_data
  File "H:\VScode\dashboard_demo-1\data\clean_and_enhance.py", line 4, in <module>
    from data.politicalperson import map_mp_to_party
  File "H:\VScode\dashboard_demo-1\data\politicalperson.py", line 90
    " Political Party Mataching will not be done")
    ^^^^^^^^^^^^^^^^^^^^^^^^^^^^^^^^^^^^^^^^^^^^^
SyntaxError: invalid syntax
2025/03/02 08:18:26 PM INFO:Logging is set up correctly! Current log level: INFO
2025/03/02 08:18:27 PM INFO:get_git_version executed successfully
2025/03/02 08:18:27 PM INFO:get_git_version executed successfully
2025/03/02 08:18:27 PM INFO:Current Working Directory: H:\VScode\dashboard_demo-1
2025/03/02 08:18:27 PM INFO:Current Working Directory: H:\VScode\dashboard_demo-1
2025/03/02 08:18:27 PM INFO:Running App setup...
2025/03/02 08:18:27 PM INFO:Running App setup...
2025/03/02 08:18:27 PM INFO:Setting up the package
2025/03/02 08:18:27 PM INFO:Setting up the package
2025/03/02 08:18:27 PM INFO:Module directory: H:\VScode\dashboard_demo-1
2025/03/02 08:18:27 PM INFO:Module directory: H:\VScode\dashboard_demo-1
2025/03/02 08:18:28 PM INFO:get_git_version executed successfully
2025/03/02 08:18:28 PM INFO:Version: v20.121
2025/03/02 08:18:28 PM INFO:Session_state variables initialized
2025/03/02 08:18:28 PM INFO:Session state Setup complete
2025/03/02 08:18:28 PM INFO:initialize_session_state executed successfully
2025/03/02 08:18:28 PM INFO:Package setup complete
2025/03/02 08:18:28 PM INFO:setup_package executed successfully
2025/03/02 08:18:28 PM INFO:Running Menu setup...
2025/03/02 08:18:28 PM INFO:get_git_version executed successfully
2025/03/02 08:18:28 PM INFO:get_git_version executed successfully
2025/03/02 08:18:28 PM INFO:get_git_version executed successfully
2025/03/02 08:18:28 PM INFO:App Version: v20.136
2025/03/02 08:18:28 PM INFO:Switched to page: Introduction
2025/03/02 08:18:28 PM INFO:pagesetup executed successfully
2025/03/02 08:18:28 PM INFO:No data found in session state, running firstload()
2025/03/02 08:18:28 PM INFO:Running first load function.
2025/03/02 08:18:28 PM INFO:Original file path: H:\VScode\dashboard_demo-1\source\Donations_accepted_by_political_parties.csv
2025/03/02 08:18:28 PM INFO:Saved file path: H:\VScode\dashboard_demo-1\output\imported_raw.csv
2025/03/02 08:18:28 PM INFO:Checking if H:\VScode\dashboard_demo-1\source\Donations_accepted_by_political_parties.csv has been updated.
2025/03/02 08:18:28 PM INFO:Getting modification time for H:\VScode\dashboard_demo-1\source\Donations_accepted_by_political_parties.csv
2025/03/02 08:18:28 PM INFO:get_file_modification_time executed successfully
2025/03/02 08:18:28 PM INFO:Current modification time: 1740757862.6744745
2025/03/02 08:18:28 PM INFO:Last modification time: None
2025/03/02 08:18:28 PM INFO:is_file_updated executed successfully
2025/03/02 08:18:28 PM INFO:try_to_use_preprocessed_data executed successfully
2025/03/02 08:18:28 PM INFO:Loading raw data...
2025/03/02 08:18:29 PM INFO:Data loaded successfully. Data has 65278 rows and 29 columns
2025/03/02 08:18:30 PM INFO:Data saved to H:\VScode\dashboard_demo-1\output\imported_raw.csv
2025/03/02 08:18:30 PM INFO:Cleaning up raw data
2025/03/02 08:18:30 PM ERROR:Session state variables not initialized!
2025/03/02 08:18:30 PM INFO:Original file path: None
2025/03/02 08:18:30 PM INFO:Saved file path: H:\VScode\dashboard_demo-1\output\cleaned_donations.csv
2025/03/02 08:18:30 PM ERROR:Error: originalfilepath is None!
2025/03/02 08:18:30 PM INFO:try_to_use_preprocessed_data executed successfully
2025/03/02 08:18:30 PM INFO:Data loaded, shape: (65278, 29)
2025/03/02 08:18:31 PM INFO:Checking if H:\VScode\dashboard_demo-1\reference_files\PoliticalEntityDeDuped.csv has been updated.
2025/03/02 08:18:31 PM INFO:Getting modification time for H:\VScode\dashboard_demo-1\reference_files\PoliticalEntityDeDuped.csv
2025/03/02 08:18:31 PM INFO:get_file_modification_time executed successfully
2025/03/02 08:18:31 PM INFO:Current modification time: 1740841102.2638545
2025/03/02 08:18:31 PM INFO:Last modification time: None
2025/03/02 08:18:31 PM INFO:is_file_updated executed successfully
2025/03/02 08:18:31 PM INFO:Map file regentity_map_fname has been updated. Proceeding with deduplication.
2025/03/02 08:18:31 PM INFO:File deduplication complete, shape: (65278, 34)
2025/03/02 08:18:31 PM INFO:dedupe_entity_file executed successfully
2025/03/02 08:18:31 PM INFO:Checking if H:\VScode\dashboard_demo-1\reference_files\PoliticalDonorsDeDuped.csv has been updated.
2025/03/02 08:18:31 PM INFO:Getting modification time for H:\VScode\dashboard_demo-1\reference_files\PoliticalDonorsDeDuped.csv
2025/03/02 08:18:31 PM INFO:get_file_modification_time executed successfully
2025/03/02 08:18:31 PM INFO:Current modification time: 1740757863.2545311
2025/03/02 08:18:31 PM INFO:Last modification time: None
2025/03/02 08:18:31 PM INFO:is_file_updated executed successfully
2025/03/02 08:18:31 PM INFO:Map file donor_map_fname has been updated. Proceeding with deduplication.
2025/03/02 08:18:31 PM INFO:File deduplication complete, shape: (65278, 40)
2025/03/02 08:18:31 PM INFO:dedupe_entity_file executed successfully
2025/03/02 08:18:31 PM INFO:Raw Data cleanup completed
2025/03/02 08:18:31 PM INFO:Data shape: (65278, 40)
2025/03/02 08:18:32 PM INFO:Data saved to H:\VScode\dashboard_demo-1\output\cleaned_donations.csv
2025/03/02 08:18:32 PM INFO:Data cleanup completed, shape: (65278, 40)
2025/03/02 08:18:32 PM INFO:raw_data_cleanup executed successfully
2025/03/02 08:18:33 PM INFO:load_raw_data executed successfully
2025/03/02 08:18:33 PM INFO:get_raw_data executed successfully
2025/03/02 08:18:33 PM INFO:load_data_to_session executed successfully
2025/03/02 08:18:33 PM INFO:Original file path: H:\VScode\dashboard_demo-1\output\cleaned_donations.csv
2025/03/02 08:18:33 PM INFO:Saved file path: H:\VScode\dashboard_demo-1\output\cleaned_data.csv
2025/03/02 08:18:33 PM INFO:Checking if H:\VScode\dashboard_demo-1\output\cleaned_donations.csv has been updated.
2025/03/02 08:18:33 PM INFO:Getting modification time for H:\VScode\dashboard_demo-1\output\cleaned_donations.csv
2025/03/02 08:18:33 PM INFO:get_file_modification_time executed successfully
2025/03/02 08:18:33 PM INFO:Current modification time: 1740946712.9338388
2025/03/02 08:18:33 PM INFO:Last modification time: 1740757862.6744745
2025/03/02 08:18:33 PM INFO:is_file_updated executed successfully
2025/03/02 08:18:33 PM INFO:try_to_use_preprocessed_data executed successfully
2025/03/02 08:18:33 PM INFO:Loading and cleaning data... data.clean_and_enhance
2025/03/02 08:18:36 PM ERROR:Number of rows in loaddata_df and raw_data do not match 78745 != 65278
2025/03/02 08:18:36 PM ERROR:Attempting to remove duplicates
2025/03/02 08:18:36 PM INFO:Data Updated with PartyName and PartyId successfully
2025/03/02 08:18:36 PM INFO:map_mp_to_party executed successfully
2025/03/02 08:18:37 PM INFO:Election Dates not found in session, loading now.
2025/03/02 08:18:37 PM INFO:Election Dates Loaded Successfully.
2025/03/02 08:18:37 PM INFO:load_election_dates executed successfully
2025/03/02 08:18:59 PM INFO:Cleaned Data completed, shape: (65278, 58)
2025/03/02 08:18:59 PM INFO:load_cleaned_data executed successfully
2025/03/02 08:18:59 PM INFO:get_cleaned_data executed successfully
2025/03/02 08:18:59 PM INFO:load_data_to_session executed successfully
2025/03/02 08:18:59 PM INFO:Original file path: H:\VScode\dashboard_demo-1\output\cleaned_data.csv
2025/03/02 08:18:59 PM INFO:Saved file path: H:\VScode\dashboard_demo-1\output\party_summary.csv
2025/03/02 08:18:59 PM INFO:Checking if H:\VScode\dashboard_demo-1\output\cleaned_data.csv has been updated.
2025/03/02 08:18:59 PM INFO:Getting modification time for H:\VScode\dashboard_demo-1\output\cleaned_data.csv
2025/03/02 08:18:59 PM INFO:get_file_modification_time executed successfully
2025/03/02 08:18:59 PM INFO:Current modification time: 1740946739.6521301
2025/03/02 08:18:59 PM INFO:Last modification time: None
2025/03/02 08:18:59 PM INFO:is_file_updated executed successfully
2025/03/02 08:18:59 PM INFO:try_to_use_preprocessed_data executed successfully
2025/03/02 08:18:59 PM INFO:Regulated entity summary saved to H:\VScode\dashboard_demo-1\output\party_summary.csv
2025/03/02 08:18:59 PM INFO:Raw Data cleanup completed
2025/03/02 08:18:59 PM INFO:Data shape: (1361, 5)
2025/03/02 08:18:59 PM INFO:load_entity_summary_data executed successfully
2025/03/02 08:18:59 PM INFO:get_party_summary_data executed successfully
2025/03/02 08:18:59 PM INFO:load_data_to_session executed successfully
2025/03/02 08:18:59 PM INFO:Original file path: H:\VScode\dashboard_demo-1\output\cleaned_data.csv
2025/03/02 08:18:59 PM INFO:Saved file path: H:\VScode\dashboard_demo-1\output\cleaned_donorlist.csv
2025/03/02 08:18:59 PM INFO:Checking if H:\VScode\dashboard_demo-1\output\cleaned_data.csv has been updated.
2025/03/02 08:18:59 PM INFO:Getting modification time for H:\VScode\dashboard_demo-1\output\cleaned_data.csv
2025/03/02 08:18:59 PM INFO:get_file_modification_time executed successfully
2025/03/02 08:18:59 PM INFO:Current modification time: 1740946739.6521301
2025/03/02 08:18:59 PM INFO:Last modification time: None
2025/03/02 08:18:59 PM INFO:is_file_updated executed successfully
2025/03/02 08:18:59 PM INFO:try_to_use_preprocessed_data executed successfully
2025/03/02 08:19:00 PM INFO:Donor data saved to H:\VScode\dashboard_demo-1\output\cleaned_donorlist.csv
2025/03/02 08:19:00 PM INFO:Donor Data summary completed
2025/03/02 08:19:00 PM INFO:Data shape: (30219, 5)
2025/03/02 08:19:00 PM INFO:load_donorList_data executed successfully
2025/03/02 08:19:00 PM INFO:get_donor_data executed successfully
2025/03/02 08:19:00 PM INFO:load_data_to_session executed successfully
2025/03/02 08:19:00 PM INFO:Original file path: H:\VScode\dashboard_demo-1\output\cleaned_data.csv
2025/03/02 08:19:00 PM INFO:Saved file path: H:\VScode\dashboard_demo-1\output\cleaned_regentity.csv
2025/03/02 08:19:00 PM INFO:Checking if H:\VScode\dashboard_demo-1\output\cleaned_data.csv has been updated.
2025/03/02 08:19:00 PM INFO:Getting modification time for H:\VScode\dashboard_demo-1\output\cleaned_data.csv
2025/03/02 08:19:00 PM INFO:get_file_modification_time executed successfully
2025/03/02 08:19:00 PM INFO:Current modification time: 1740946739.6521301
2025/03/02 08:19:00 PM INFO:Last modification time: 1740946739.6521301
2025/03/02 08:19:00 PM INFO:is_file_updated executed successfully
2025/03/02 08:19:00 PM INFO:Loading preprocessed data. Using H:\VScode\dashboard_demo-1\output\cleaned_regentity.csv dated load_donorlist_data_last_modified instead of H:\VScode\dashboard_demo-1\output\cleaned_data.csv
2025/03/02 08:19:00 PM INFO:try_to_use_preprocessed_data executed successfully
2025/03/02 08:19:00 PM INFO:load_regulated_entity_data executed successfully
2025/03/02 08:19:00 PM INFO:get_regentity_data executed successfully
2025/03/02 08:19:00 PM INFO:load_data_to_session executed successfully
2025/03/02 08:19:00 PM INFO:firstload executed successfully
2025/03/02 08:19:00 PM INFO:initialise_data executed successfully
2025/03/02 08:19:32 PM INFO:Current Working Directory: H:\VScode\dashboard_demo-1
2025/03/02 08:19:32 PM INFO:Running App setup...
2025/03/02 08:19:32 PM INFO:Setting up the package
2025/03/02 08:19:32 PM INFO:Module directory: H:\VScode\dashboard_demo-1
2025/03/02 08:19:32 PM INFO:get_git_version executed successfully
2025/03/02 08:19:32 PM INFO:Version: v20.121
2025/03/02 08:19:32 PM INFO:Session_state variables initialized
2025/03/02 08:19:32 PM INFO:Session state Setup complete
2025/03/02 08:19:32 PM INFO:initialize_session_state executed successfully
2025/03/02 08:19:32 PM INFO:Package setup complete
2025/03/02 08:19:32 PM INFO:setup_package executed successfully
2025/03/02 08:19:32 PM INFO:Running Menu setup...
2025/03/02 08:19:32 PM INFO:get_git_version executed successfully
2025/03/02 08:19:32 PM INFO:App Version: v20.136
2025/03/02 08:19:32 PM INFO:Switched to page: Head Line Figures
2025/03/02 08:19:33 PM INFO:plot_bar_line_by_year executed successfully
2025/03/02 08:19:33 PM INFO:plot_bar_line_by_year executed successfully
2025/03/02 08:19:33 PM INFO:plot_bar_line_by_year executed successfully
2025/03/02 08:19:34 PM INFO:plot_bar_line_by_year executed successfully
2025/03/02 08:19:34 PM INFO:plot_pie_chart executed successfully
2025/03/02 08:19:36 PM INFO:plot_pie_chart executed successfully
2025/03/02 08:19:36 PM INFO:pagesetup executed successfully
2025/03/02 08:19:36 PM INFO:Data already loaded in session state.
2025/03/02 08:19:42 PM INFO:Current Working Directory: H:\VScode\dashboard_demo-1
2025/03/02 08:19:42 PM INFO:Running App setup...
2025/03/02 08:19:42 PM INFO:Setting up the package
2025/03/02 08:19:42 PM INFO:Module directory: H:\VScode\dashboard_demo-1
2025/03/02 08:19:42 PM INFO:get_git_version executed successfully
2025/03/02 08:19:42 PM INFO:Version: v20.121
2025/03/02 08:19:42 PM INFO:Session_state variables initialized
2025/03/02 08:19:42 PM INFO:Session state Setup complete
2025/03/02 08:19:42 PM INFO:initialize_session_state executed successfully
2025/03/02 08:19:42 PM INFO:Package setup complete
2025/03/02 08:19:42 PM INFO:setup_package executed successfully
2025/03/02 08:19:42 PM INFO:Running Menu setup...
2025/03/02 08:19:42 PM INFO:get_git_version executed successfully
2025/03/02 08:19:42 PM INFO:App Version: v20.136
2025/03/02 08:19:42 PM INFO:Switched to page: Bequeths
2025/03/02 08:19:42 PM INFO:load_and_filter_data executed successfully
2025/03/02 08:19:42 PM INFO:display_summary_statistics executed successfully
2025/03/02 08:19:42 PM INFO:display_textual_insights executed successfully
2025/03/02 08:19:42 PM INFO:plot_bar_line_by_year executed successfully
2025/03/02 08:19:42 PM INFO:plot_bar_line_by_year executed successfully
2025/03/02 08:19:42 PM INFO:display_visualizations executed successfully
2025/03/02 08:19:42 PM INFO:display_data_page executed successfully
2025/03/02 08:19:42 PM INFO:pagesetup executed successfully
2025/03/02 08:19:42 PM INFO:Data already loaded in session state.
2025/03/02 08:19:47 PM INFO:Current Working Directory: H:\VScode\dashboard_demo-1
2025/03/02 08:19:47 PM INFO:Running App setup...
2025/03/02 08:19:47 PM INFO:Setting up the package
2025/03/02 08:19:47 PM INFO:Module directory: H:\VScode\dashboard_demo-1
2025/03/02 08:19:47 PM INFO:get_git_version executed successfully
2025/03/02 08:19:47 PM INFO:Version: v20.121
2025/03/02 08:19:47 PM INFO:Session_state variables initialized
2025/03/02 08:19:47 PM INFO:Session state Setup complete
2025/03/02 08:19:47 PM INFO:initialize_session_state executed successfully
2025/03/02 08:19:47 PM INFO:Package setup complete
2025/03/02 08:19:47 PM INFO:setup_package executed successfully
2025/03/02 08:19:47 PM INFO:Running Menu setup...
2025/03/02 08:19:47 PM INFO:get_git_version executed successfully
2025/03/02 08:19:47 PM INFO:App Version: v20.136
2025/03/02 08:19:47 PM INFO:Switched to page: Corporate Donations
2025/03/02 08:19:47 PM INFO:load_and_filter_data executed successfully
2025/03/02 08:19:47 PM INFO:display_summary_statistics executed successfully
2025/03/02 08:19:47 PM INFO:display_textual_insights executed successfully
2025/03/02 08:19:47 PM INFO:plot_bar_line_by_year executed successfully
2025/03/02 08:19:47 PM INFO:plot_bar_line_by_year executed successfully
2025/03/02 08:19:47 PM INFO:display_visualizations executed successfully
2025/03/02 08:19:47 PM INFO:display_data_page executed successfully
2025/03/02 08:19:47 PM INFO:pagesetup executed successfully
2025/03/02 08:19:47 PM INFO:Data already loaded in session state.
2025/03/02 08:19:51 PM INFO:Current Working Directory: H:\VScode\dashboard_demo-1
2025/03/02 08:19:51 PM INFO:Running App setup...
2025/03/02 08:19:51 PM INFO:Setting up the package
2025/03/02 08:19:51 PM INFO:Module directory: H:\VScode\dashboard_demo-1
2025/03/02 08:19:51 PM INFO:get_git_version executed successfully
2025/03/02 08:19:51 PM INFO:Version: v20.121
2025/03/02 08:19:51 PM INFO:Session_state variables initialized
2025/03/02 08:19:51 PM INFO:Session state Setup complete
2025/03/02 08:19:51 PM INFO:initialize_session_state executed successfully
2025/03/02 08:19:51 PM INFO:Package setup complete
2025/03/02 08:19:51 PM INFO:setup_package executed successfully
2025/03/02 08:19:51 PM INFO:Running Menu setup...
2025/03/02 08:19:51 PM INFO:get_git_version executed successfully
2025/03/02 08:19:51 PM INFO:App Version: v20.136
2025/03/02 08:19:51 PM INFO:Switched to page: Sponsorships
2025/03/02 08:19:51 PM INFO:load_and_filter_data executed successfully
2025/03/02 08:19:51 PM INFO:display_summary_statistics executed successfully
2025/03/02 08:19:51 PM INFO:display_textual_insights executed successfully
2025/03/02 08:19:51 PM INFO:plot_bar_line_by_year executed successfully
2025/03/02 08:19:51 PM INFO:plot_bar_line_by_year executed successfully
2025/03/02 08:19:51 PM INFO:display_visualizations executed successfully
2025/03/02 08:19:51 PM INFO:display_data_page executed successfully
2025/03/02 08:19:51 PM INFO:pagesetup executed successfully
2025/03/02 08:19:51 PM INFO:Data already loaded in session state.
2025/03/02 08:19:57 PM INFO:Current Working Directory: H:\VScode\dashboard_demo-1
2025/03/02 08:19:57 PM INFO:Running App setup...
2025/03/02 08:19:57 PM INFO:Setting up the package
2025/03/02 08:19:57 PM INFO:Module directory: H:\VScode\dashboard_demo-1
2025/03/02 08:19:57 PM INFO:get_git_version executed successfully
2025/03/02 08:19:57 PM INFO:Version: v20.121
2025/03/02 08:19:57 PM INFO:Session_state variables initialized
2025/03/02 08:19:57 PM INFO:Session state Setup complete
2025/03/02 08:19:57 PM INFO:initialize_session_state executed successfully
2025/03/02 08:19:57 PM INFO:Package setup complete
2025/03/02 08:19:57 PM INFO:setup_package executed successfully
2025/03/02 08:19:57 PM INFO:Running Menu setup...
2025/03/02 08:19:57 PM INFO:get_git_version executed successfully
2025/03/02 08:19:57 PM INFO:App Version: v20.136
2025/03/02 08:19:57 PM INFO:Switched to page: Paid Visits
2025/03/02 08:19:57 PM INFO:load_and_filter_data executed successfully
2025/03/02 08:19:58 PM INFO:display_summary_statistics executed successfully
2025/03/02 08:19:58 PM INFO:display_textual_insights executed successfully
2025/03/02 08:19:58 PM INFO:plot_bar_line_by_year executed successfully
2025/03/02 08:19:58 PM INFO:plot_bar_line_by_year executed successfully
2025/03/02 08:19:58 PM INFO:display_visualizations executed successfully
2025/03/02 08:19:58 PM INFO:display_data_page executed successfully
2025/03/02 08:19:58 PM INFO:pagesetup executed successfully
2025/03/02 08:19:58 PM INFO:Data already loaded in session state.
2025/03/02 08:20:01 PM INFO:Current Working Directory: H:\VScode\dashboard_demo-1
2025/03/02 08:20:01 PM INFO:Running App setup...
2025/03/02 08:20:01 PM INFO:Setting up the package
2025/03/02 08:20:01 PM INFO:Module directory: H:\VScode\dashboard_demo-1
2025/03/02 08:20:01 PM INFO:get_git_version executed successfully
2025/03/02 08:20:01 PM INFO:Version: v20.121
2025/03/02 08:20:01 PM INFO:Session_state variables initialized
2025/03/02 08:20:01 PM INFO:Session state Setup complete
2025/03/02 08:20:01 PM INFO:initialize_session_state executed successfully
2025/03/02 08:20:01 PM INFO:Package setup complete
2025/03/02 08:20:01 PM INFO:setup_package executed successfully
2025/03/02 08:20:01 PM INFO:Running Menu setup...
2025/03/02 08:20:01 PM INFO:get_git_version executed successfully
2025/03/02 08:20:01 PM INFO:App Version: v20.136
2025/03/02 08:20:01 PM INFO:Switched to page: Dubious Donors
2025/03/02 08:20:01 PM INFO:load_and_filter_data executed successfully
2025/03/02 08:20:01 PM INFO:display_summary_statistics executed successfully
2025/03/02 08:20:01 PM INFO:display_textual_insights executed successfully
2025/03/02 08:20:01 PM INFO:plot_bar_line_by_year executed successfully
2025/03/02 08:20:01 PM INFO:plot_bar_line_by_year executed successfully
2025/03/02 08:20:01 PM INFO:display_visualizations executed successfully
2025/03/02 08:20:01 PM INFO:display_data_page executed successfully
2025/03/02 08:20:01 PM INFO:pagesetup executed successfully
2025/03/02 08:20:01 PM INFO:Data already loaded in session state.
2025/03/02 08:20:04 PM INFO:Current Working Directory: H:\VScode\dashboard_demo-1
2025/03/02 08:20:04 PM INFO:Running App setup...
2025/03/02 08:20:04 PM INFO:Setting up the package
2025/03/02 08:20:04 PM INFO:Module directory: H:\VScode\dashboard_demo-1
2025/03/02 08:20:04 PM INFO:get_git_version executed successfully
2025/03/02 08:20:04 PM INFO:Version: v20.121
2025/03/02 08:20:04 PM INFO:Session_state variables initialized
2025/03/02 08:20:04 PM INFO:Session state Setup complete
2025/03/02 08:20:04 PM INFO:initialize_session_state executed successfully
2025/03/02 08:20:04 PM INFO:Package setup complete
2025/03/02 08:20:04 PM INFO:setup_package executed successfully
2025/03/02 08:20:04 PM INFO:Running Menu setup...
2025/03/02 08:20:04 PM INFO:get_git_version executed successfully
2025/03/02 08:20:04 PM INFO:App Version: v20.136
2025/03/02 08:20:04 PM INFO:Switched to page: Dubious Donations
2025/03/02 08:20:04 PM INFO:load_and_filter_data executed successfully
2025/03/02 08:20:04 PM INFO:display_summary_statistics executed successfully
2025/03/02 08:20:04 PM INFO:display_textual_insights executed successfully
2025/03/02 08:20:04 PM INFO:plot_bar_line_by_year executed successfully
2025/03/02 08:20:05 PM INFO:plot_bar_line_by_year executed successfully
2025/03/02 08:20:05 PM INFO:display_visualizations executed successfully
2025/03/02 08:20:05 PM INFO:display_data_page executed successfully
2025/03/02 08:20:05 PM INFO:pagesetup executed successfully
2025/03/02 08:20:05 PM INFO:Data already loaded in session state.
2025/03/02 08:20:10 PM INFO:Current Working Directory: H:\VScode\dashboard_demo-1
2025/03/02 08:20:10 PM INFO:Running App setup...
2025/03/02 08:20:10 PM INFO:Setting up the package
2025/03/02 08:20:10 PM INFO:Module directory: H:\VScode\dashboard_demo-1
2025/03/02 08:20:10 PM INFO:get_git_version executed successfully
2025/03/02 08:20:10 PM INFO:Version: v20.121
2025/03/02 08:20:10 PM INFO:Session_state variables initialized
2025/03/02 08:20:10 PM INFO:Session state Setup complete
2025/03/02 08:20:10 PM INFO:initialize_session_state executed successfully
2025/03/02 08:20:10 PM INFO:Package setup complete
2025/03/02 08:20:10 PM INFO:setup_package executed successfully
2025/03/02 08:20:10 PM INFO:Running Menu setup...
2025/03/02 08:20:10 PM INFO:get_git_version executed successfully
2025/03/02 08:20:10 PM INFO:App Version: v20.136
2025/03/02 08:20:10 PM INFO:Switched to page: Corporate Donations per Entity
2025/03/02 08:20:10 PM INFO:load_and_filter_pergroup executed successfully
2025/03/02 08:20:10 PM INFO:display_summary_statistics executed successfully
2025/03/02 08:20:10 PM INFO:display_textual_insights executed successfully
2025/03/02 08:20:10 PM INFO:plot_bar_line_by_year executed successfully
2025/03/02 08:20:10 PM INFO:plot_bar_line_by_year executed successfully
2025/03/02 08:20:10 PM INFO:display_visualizations executed successfully
2025/03/02 08:20:10 PM INFO:display_per_group_data_page executed successfully
2025/03/02 08:20:10 PM INFO:pagesetup executed successfully
2025/03/02 08:20:10 PM INFO:Data already loaded in session state.
2025/03/02 08:20:18 PM INFO:Current Working Directory: H:\VScode\dashboard_demo-1
2025/03/02 08:20:18 PM INFO:Running App setup...
2025/03/02 08:20:18 PM INFO:Setting up the package
2025/03/02 08:20:18 PM INFO:Module directory: H:\VScode\dashboard_demo-1
2025/03/02 08:20:18 PM INFO:get_git_version executed successfully
2025/03/02 08:20:18 PM INFO:Version: v20.121
2025/03/02 08:20:18 PM INFO:Session_state variables initialized
2025/03/02 08:20:18 PM INFO:Session state Setup complete
2025/03/02 08:20:18 PM INFO:initialize_session_state executed successfully
2025/03/02 08:20:18 PM INFO:Package setup complete
2025/03/02 08:20:18 PM INFO:setup_package executed successfully
2025/03/02 08:20:18 PM INFO:Running Menu setup...
2025/03/02 08:20:18 PM INFO:get_git_version executed successfully
2025/03/02 08:20:18 PM INFO:App Version: v20.136
2025/03/02 08:20:18 PM INFO:Switched to page: Sponsorship per Entity 
2025/03/02 08:20:18 PM INFO:load_and_filter_pergroup executed successfully
2025/03/02 08:20:18 PM INFO:display_summary_statistics executed successfully
2025/03/02 08:20:18 PM INFO:display_textual_insights executed successfully
2025/03/02 08:20:18 PM INFO:plot_bar_line_by_year executed successfully
2025/03/02 08:20:19 PM INFO:plot_bar_line_by_year executed successfully
2025/03/02 08:20:19 PM INFO:display_visualizations executed successfully
2025/03/02 08:20:19 PM INFO:display_per_group_data_page executed successfully
2025/03/02 08:20:19 PM INFO:pagesetup executed successfully
2025/03/02 08:20:19 PM INFO:Data already loaded in session state.
2025/03/02 08:20:25 PM INFO:Current Working Directory: H:\VScode\dashboard_demo-1
2025/03/02 08:20:25 PM INFO:Running App setup...
2025/03/02 08:20:25 PM INFO:Setting up the package
2025/03/02 08:20:25 PM INFO:Module directory: H:\VScode\dashboard_demo-1
2025/03/02 08:20:25 PM INFO:get_git_version executed successfully
2025/03/02 08:20:25 PM INFO:Version: v20.121
2025/03/02 08:20:25 PM INFO:Session_state variables initialized
2025/03/02 08:20:25 PM INFO:Session state Setup complete
2025/03/02 08:20:25 PM INFO:initialize_session_state executed successfully
2025/03/02 08:20:25 PM INFO:Package setup complete
2025/03/02 08:20:25 PM INFO:setup_package executed successfully
2025/03/02 08:20:25 PM INFO:Running Menu setup...
2025/03/02 08:20:25 PM INFO:get_git_version executed successfully
2025/03/02 08:20:25 PM INFO:App Version: v20.136
2025/03/02 08:20:25 PM INFO:Switched to page: Paid Visits per Entity
2025/03/02 08:20:25 PM INFO:load_and_filter_pergroup executed successfully
2025/03/02 08:20:25 PM INFO:display_summary_statistics executed successfully
2025/03/02 08:20:25 PM INFO:display_textual_insights executed successfully
2025/03/02 08:20:25 PM INFO:plot_bar_line_by_year executed successfully
2025/03/02 08:20:26 PM INFO:plot_bar_line_by_year executed successfully
2025/03/02 08:20:26 PM INFO:display_visualizations executed successfully
2025/03/02 08:20:26 PM INFO:display_per_group_data_page executed successfully
2025/03/02 08:20:26 PM INFO:pagesetup executed successfully
2025/03/02 08:20:26 PM INFO:Data already loaded in session state.
2025/03/02 08:20:28 PM INFO:Current Working Directory: H:\VScode\dashboard_demo-1
2025/03/02 08:20:28 PM INFO:Running App setup...
2025/03/02 08:20:28 PM INFO:Setting up the package
2025/03/02 08:20:28 PM INFO:Module directory: H:\VScode\dashboard_demo-1
2025/03/02 08:20:28 PM INFO:get_git_version executed successfully
2025/03/02 08:20:28 PM INFO:Version: v20.121
2025/03/02 08:20:28 PM INFO:Session_state variables initialized
2025/03/02 08:20:28 PM INFO:Session state Setup complete
2025/03/02 08:20:28 PM INFO:initialize_session_state executed successfully
2025/03/02 08:20:28 PM INFO:Package setup complete
2025/03/02 08:20:28 PM INFO:setup_package executed successfully
2025/03/02 08:20:28 PM INFO:Running Menu setup...
2025/03/02 08:20:28 PM INFO:get_git_version executed successfully
2025/03/02 08:20:28 PM INFO:App Version: v20.136
2025/03/02 08:20:28 PM INFO:Switched to page: Donors per Regulated Entity
2025/03/02 08:20:29 PM INFO:load_and_filter_pergroup executed successfully
2025/03/02 08:20:29 PM INFO:display_summary_statistics executed successfully
2025/03/02 08:20:29 PM INFO:display_textual_insights executed successfully
2025/03/02 08:20:29 PM INFO:plot_bar_line_by_year executed successfully
2025/03/02 08:20:29 PM INFO:plot_bar_line_by_year executed successfully
2025/03/02 08:20:29 PM INFO:display_visualizations executed successfully
2025/03/02 08:20:29 PM INFO:display_per_group_data_page executed successfully
2025/03/02 08:20:29 PM INFO:pagesetup executed successfully
2025/03/02 08:20:29 PM INFO:Data already loaded in session state.
2025/03/02 08:20:35 PM INFO:Current Working Directory: H:\VScode\dashboard_demo-1
2025/03/02 08:20:35 PM INFO:Running App setup...
2025/03/02 08:20:35 PM INFO:Setting up the package
2025/03/02 08:20:35 PM INFO:Module directory: H:\VScode\dashboard_demo-1
2025/03/02 08:20:35 PM INFO:get_git_version executed successfully
2025/03/02 08:20:35 PM INFO:Version: v20.121
2025/03/02 08:20:35 PM INFO:Session_state variables initialized
2025/03/02 08:20:35 PM INFO:Session state Setup complete
2025/03/02 08:20:35 PM INFO:initialize_session_state executed successfully
2025/03/02 08:20:35 PM INFO:Package setup complete
2025/03/02 08:20:35 PM INFO:setup_package executed successfully
2025/03/02 08:20:35 PM INFO:Running Menu setup...
2025/03/02 08:20:35 PM INFO:get_git_version executed successfully
2025/03/02 08:20:35 PM INFO:App Version: v20.136
2025/03/02 08:20:35 PM INFO:Switched to page: Dubious Donors per Regulated Entity
2025/03/02 08:20:35 PM INFO:load_and_filter_pergroup executed successfully
2025/03/02 08:20:35 PM INFO:display_summary_statistics executed successfully
2025/03/02 08:20:35 PM INFO:display_textual_insights executed successfully
2025/03/02 08:20:35 PM INFO:plot_bar_line_by_year executed successfully
2025/03/02 08:20:35 PM INFO:plot_bar_line_by_year executed successfully
2025/03/02 08:20:35 PM INFO:display_visualizations executed successfully
2025/03/02 08:20:35 PM INFO:display_per_group_data_page executed successfully
2025/03/02 08:20:35 PM INFO:pagesetup executed successfully
2025/03/02 08:20:35 PM INFO:Data already loaded in session state.
2025/03/02 08:20:41 PM INFO:Current Working Directory: H:\VScode\dashboard_demo-1
2025/03/02 08:20:41 PM INFO:Running App setup...
2025/03/02 08:20:41 PM INFO:Setting up the package
2025/03/02 08:20:41 PM INFO:Module directory: H:\VScode\dashboard_demo-1
2025/03/02 08:20:41 PM INFO:get_git_version executed successfully
2025/03/02 08:20:41 PM INFO:Version: v20.121
2025/03/02 08:20:41 PM INFO:Session_state variables initialized
2025/03/02 08:20:41 PM INFO:Session state Setup complete
2025/03/02 08:20:41 PM INFO:initialize_session_state executed successfully
2025/03/02 08:20:41 PM INFO:Package setup complete
2025/03/02 08:20:41 PM INFO:setup_package executed successfully
2025/03/02 08:20:41 PM INFO:Running Menu setup...
2025/03/02 08:20:41 PM INFO:get_git_version executed successfully
2025/03/02 08:20:41 PM INFO:App Version: v20.136
2025/03/02 08:20:41 PM INFO:Switched to page: Dubious Donations per Regulated Entity
2025/03/02 08:20:41 PM INFO:load_and_filter_pergroup executed successfully
2025/03/02 08:20:41 PM INFO:display_summary_statistics executed successfully
2025/03/02 08:20:41 PM INFO:display_textual_insights executed successfully
2025/03/02 08:20:41 PM INFO:plot_bar_line_by_year executed successfully
2025/03/02 08:20:41 PM INFO:plot_bar_line_by_year executed successfully
2025/03/02 08:20:41 PM INFO:display_visualizations executed successfully
2025/03/02 08:20:41 PM INFO:display_per_group_data_page executed successfully
2025/03/02 08:20:41 PM INFO:pagesetup executed successfully
2025/03/02 08:20:41 PM INFO:Data already loaded in session state.
2025/03/02 08:20:44 PM INFO:Current Working Directory: H:\VScode\dashboard_demo-1
2025/03/02 08:20:44 PM INFO:Running App setup...
2025/03/02 08:20:44 PM INFO:Setting up the package
2025/03/02 08:20:44 PM INFO:Module directory: H:\VScode\dashboard_demo-1
2025/03/02 08:20:44 PM INFO:get_git_version executed successfully
2025/03/02 08:20:44 PM INFO:Version: v20.121
2025/03/02 08:20:44 PM INFO:Session_state variables initialized
2025/03/02 08:20:44 PM INFO:Session state Setup complete
2025/03/02 08:20:44 PM INFO:initialize_session_state executed successfully
2025/03/02 08:20:44 PM INFO:Package setup complete
2025/03/02 08:20:44 PM INFO:setup_package executed successfully
2025/03/02 08:20:44 PM INFO:Running Menu setup...
2025/03/02 08:20:44 PM INFO:get_git_version executed successfully
2025/03/02 08:20:44 PM INFO:App Version: v20.136
2025/03/02 08:20:44 PM INFO:Switched to page: Corporate Donations per Donor
2025/03/02 08:20:44 PM INFO:load_and_filter_pergroup executed successfully
2025/03/02 08:20:44 PM INFO:display_summary_statistics executed successfully
2025/03/02 08:20:44 PM INFO:display_textual_insights executed successfully
2025/03/02 08:20:44 PM INFO:plot_bar_line_by_year executed successfully
2025/03/02 08:20:44 PM INFO:plot_bar_line_by_year executed successfully
2025/03/02 08:20:44 PM INFO:display_visualizations executed successfully
2025/03/02 08:20:44 PM INFO:display_per_group_data_page executed successfully
2025/03/02 08:20:44 PM INFO:pagesetup executed successfully
2025/03/02 08:20:44 PM INFO:Data already loaded in session state.
2025/03/02 08:20:46 PM INFO:Current Working Directory: H:\VScode\dashboard_demo-1
2025/03/02 08:20:46 PM INFO:Running App setup...
2025/03/02 08:20:46 PM INFO:Setting up the package
2025/03/02 08:20:46 PM INFO:Module directory: H:\VScode\dashboard_demo-1
2025/03/02 08:20:46 PM INFO:get_git_version executed successfully
2025/03/02 08:20:46 PM INFO:Version: v20.121
2025/03/02 08:20:46 PM INFO:Session_state variables initialized
2025/03/02 08:20:46 PM INFO:Session state Setup complete
2025/03/02 08:20:46 PM INFO:initialize_session_state executed successfully
2025/03/02 08:20:46 PM INFO:Package setup complete
2025/03/02 08:20:46 PM INFO:setup_package executed successfully
2025/03/02 08:20:46 PM INFO:Running Menu setup...
2025/03/02 08:20:46 PM INFO:get_git_version executed successfully
2025/03/02 08:20:46 PM INFO:App Version: v20.136
2025/03/02 08:20:46 PM INFO:Switched to page: Sponsorships per Donor
2025/03/02 08:20:46 PM INFO:load_and_filter_pergroup executed successfully
2025/03/02 08:20:46 PM INFO:display_summary_statistics executed successfully
2025/03/02 08:20:46 PM INFO:display_textual_insights executed successfully
2025/03/02 08:20:47 PM INFO:plot_bar_line_by_year executed successfully
2025/03/02 08:20:47 PM INFO:plot_bar_line_by_year executed successfully
2025/03/02 08:20:47 PM INFO:display_visualizations executed successfully
2025/03/02 08:20:47 PM INFO:display_per_group_data_page executed successfully
2025/03/02 08:20:47 PM INFO:pagesetup executed successfully
2025/03/02 08:20:47 PM INFO:Data already loaded in session state.
2025/03/02 08:20:50 PM INFO:Current Working Directory: H:\VScode\dashboard_demo-1
2025/03/02 08:20:50 PM INFO:Running App setup...
2025/03/02 08:20:50 PM INFO:Setting up the package
2025/03/02 08:20:50 PM INFO:Module directory: H:\VScode\dashboard_demo-1
2025/03/02 08:20:50 PM INFO:get_git_version executed successfully
2025/03/02 08:20:50 PM INFO:Version: v20.121
2025/03/02 08:20:50 PM INFO:Session_state variables initialized
2025/03/02 08:20:50 PM INFO:Session state Setup complete
2025/03/02 08:20:50 PM INFO:initialize_session_state executed successfully
2025/03/02 08:20:50 PM INFO:Package setup complete
2025/03/02 08:20:50 PM INFO:setup_package executed successfully
2025/03/02 08:20:50 PM INFO:Running Menu setup...
2025/03/02 08:20:50 PM INFO:get_git_version executed successfully
2025/03/02 08:20:50 PM INFO:App Version: v20.136
2025/03/02 08:20:50 PM INFO:Switched to page: Paid Visits per Donor
2025/03/02 08:20:50 PM INFO:load_and_filter_pergroup executed successfully
2025/03/02 08:20:51 PM INFO:display_summary_statistics executed successfully
2025/03/02 08:20:51 PM INFO:display_textual_insights executed successfully
2025/03/02 08:20:51 PM INFO:plot_bar_line_by_year executed successfully
2025/03/02 08:20:51 PM INFO:plot_bar_line_by_year executed successfully
2025/03/02 08:20:51 PM INFO:display_visualizations executed successfully
2025/03/02 08:20:51 PM INFO:display_per_group_data_page executed successfully
2025/03/02 08:20:51 PM INFO:pagesetup executed successfully
2025/03/02 08:20:51 PM INFO:Data already loaded in session state.
2025/03/02 08:20:52 PM INFO:Current Working Directory: H:\VScode\dashboard_demo-1
2025/03/02 08:20:52 PM INFO:Running App setup...
2025/03/02 08:20:52 PM INFO:Setting up the package
2025/03/02 08:20:52 PM INFO:Module directory: H:\VScode\dashboard_demo-1
2025/03/02 08:20:52 PM INFO:get_git_version executed successfully
2025/03/02 08:20:52 PM INFO:Version: v20.121
2025/03/02 08:20:52 PM INFO:Session_state variables initialized
2025/03/02 08:20:53 PM INFO:Session state Setup complete
2025/03/02 08:20:53 PM INFO:initialize_session_state executed successfully
2025/03/02 08:20:53 PM INFO:Package setup complete
2025/03/02 08:20:53 PM INFO:setup_package executed successfully
2025/03/02 08:20:53 PM INFO:Running Menu setup...
2025/03/02 08:20:53 PM INFO:get_git_version executed successfully
2025/03/02 08:20:53 PM INFO:App Version: v20.136
2025/03/02 08:20:53 PM INFO:Switched to page: Regulated Entities per Donor
2025/03/02 08:20:53 PM INFO:load_and_filter_pergroup executed successfully
2025/03/02 08:20:53 PM INFO:display_summary_statistics executed successfully
2025/03/02 08:20:53 PM INFO:display_textual_insights executed successfully
2025/03/02 08:20:53 PM INFO:plot_bar_line_by_year executed successfully
2025/03/02 08:20:53 PM INFO:plot_bar_line_by_year executed successfully
2025/03/02 08:20:53 PM INFO:display_visualizations executed successfully
2025/03/02 08:20:53 PM INFO:display_per_group_data_page executed successfully
2025/03/02 08:20:53 PM INFO:pagesetup executed successfully
2025/03/02 08:20:53 PM INFO:Data already loaded in session state.
2025/03/02 08:20:59 PM INFO:Current Working Directory: H:\VScode\dashboard_demo-1
2025/03/02 08:20:59 PM INFO:Running App setup...
2025/03/02 08:20:59 PM INFO:Setting up the package
2025/03/02 08:20:59 PM INFO:Module directory: H:\VScode\dashboard_demo-1
2025/03/02 08:20:59 PM INFO:get_git_version executed successfully
2025/03/02 08:20:59 PM INFO:Version: v20.121
2025/03/02 08:20:59 PM INFO:Session_state variables initialized
2025/03/02 08:20:59 PM INFO:Session state Setup complete
2025/03/02 08:20:59 PM INFO:initialize_session_state executed successfully
2025/03/02 08:20:59 PM INFO:Package setup complete
2025/03/02 08:20:59 PM INFO:setup_package executed successfully
2025/03/02 08:20:59 PM INFO:Running Menu setup...
2025/03/02 08:20:59 PM INFO:get_git_version executed successfully
2025/03/02 08:20:59 PM INFO:App Version: v20.136
2025/03/02 08:20:59 PM INFO:Switched to page: Dubious donations per Donor
2025/03/02 08:21:00 PM INFO:load_and_filter_pergroup executed successfully
2025/03/02 08:21:00 PM INFO:display_summary_statistics executed successfully
2025/03/02 08:21:00 PM INFO:display_textual_insights executed successfully
2025/03/02 08:21:00 PM INFO:plot_bar_line_by_year executed successfully
2025/03/02 08:21:00 PM INFO:plot_bar_line_by_year executed successfully
2025/03/02 08:21:00 PM INFO:display_visualizations executed successfully
2025/03/02 08:21:00 PM INFO:display_per_group_data_page executed successfully
2025/03/02 08:21:00 PM INFO:pagesetup executed successfully
2025/03/02 08:21:00 PM INFO:Data already loaded in session state.
2025/03/02 08:21:02 PM INFO:Current Working Directory: H:\VScode\dashboard_demo-1
2025/03/02 08:21:02 PM INFO:Running App setup...
2025/03/02 08:21:02 PM INFO:Setting up the package
2025/03/02 08:21:02 PM INFO:Module directory: H:\VScode\dashboard_demo-1
2025/03/02 08:21:02 PM INFO:get_git_version executed successfully
2025/03/02 08:21:02 PM INFO:Version: v20.121
2025/03/02 08:21:02 PM INFO:Session_state variables initialized
2025/03/02 08:21:02 PM INFO:Session state Setup complete
2025/03/02 08:21:02 PM INFO:initialize_session_state executed successfully
2025/03/02 08:21:02 PM INFO:Package setup complete
2025/03/02 08:21:02 PM INFO:setup_package executed successfully
2025/03/02 08:21:02 PM INFO:Running Menu setup...
2025/03/02 08:21:02 PM INFO:get_git_version executed successfully
2025/03/02 08:21:02 PM INFO:App Version: v20.136
2025/03/02 08:21:02 PM INFO:Switched to page: Donations by Political Party
2025/03/02 08:21:02 PM INFO:load_and_filter_pergroup executed successfully
2025/03/02 08:21:03 PM INFO:display_summary_statistics executed successfully
2025/03/02 08:21:03 PM INFO:display_textual_insights executed successfully
2025/03/02 08:21:03 PM INFO:plot_bar_line_by_year executed successfully
2025/03/02 08:21:03 PM INFO:plot_bar_line_by_year executed successfully
2025/03/02 08:21:03 PM INFO:display_visualizations executed successfully
2025/03/02 08:21:03 PM INFO:display_per_group_data_page executed successfully
2025/03/02 08:21:03 PM INFO:pagesetup executed successfully
2025/03/02 08:21:03 PM INFO:Data already loaded in session state.
2025/03/02 08:21:09 PM INFO:Current Working Directory: H:\VScode\dashboard_demo-1
2025/03/02 08:21:09 PM INFO:Running App setup...
2025/03/02 08:21:09 PM INFO:Setting up the package
2025/03/02 08:21:09 PM INFO:Module directory: H:\VScode\dashboard_demo-1
2025/03/02 08:21:09 PM INFO:get_git_version executed successfully
2025/03/02 08:21:09 PM INFO:Version: v20.121
2025/03/02 08:21:09 PM INFO:Session_state variables initialized
2025/03/02 08:21:10 PM INFO:Session state Setup complete
2025/03/02 08:21:10 PM INFO:initialize_session_state executed successfully
2025/03/02 08:21:10 PM INFO:Package setup complete
2025/03/02 08:21:10 PM INFO:setup_package executed successfully
2025/03/02 08:21:10 PM INFO:Running Menu setup...
2025/03/02 08:21:10 PM INFO:get_git_version executed successfully
2025/03/02 08:21:10 PM INFO:App Version: v20.136
2025/03/02 08:21:10 PM INFO:Switched to page: Notes on Data and Manipulations
2025/03/02 08:21:10 PM INFO:pagesetup executed successfully
2025/03/02 08:21:10 PM INFO:Data already loaded in session state.
2025/03/02 08:21:26 PM INFO:Current Working Directory: H:\VScode\dashboard_demo-1
2025/03/02 08:21:26 PM INFO:Running App setup...
2025/03/02 08:21:26 PM INFO:Setting up the package
2025/03/02 08:21:26 PM INFO:Module directory: H:\VScode\dashboard_demo-1
2025/03/02 08:21:26 PM INFO:get_git_version executed successfully
2025/03/02 08:21:26 PM INFO:Version: v20.121
2025/03/02 08:21:26 PM INFO:Session_state variables initialized
2025/03/02 08:21:26 PM INFO:Session state Setup complete
2025/03/02 08:21:26 PM INFO:initialize_session_state executed successfully
2025/03/02 08:21:26 PM INFO:Package setup complete
2025/03/02 08:21:26 PM INFO:setup_package executed successfully
2025/03/02 08:21:26 PM INFO:Running Menu setup...
2025/03/02 08:21:26 PM INFO:get_git_version executed successfully
2025/03/02 08:21:26 PM INFO:App Version: v20.136
2025/03/02 08:21:26 PM INFO:Switched to page: Introduction
2025/03/02 08:21:26 PM INFO:pagesetup executed successfully
2025/03/02 08:21:26 PM INFO:Data already loaded in session state.
